<?xml version="1.0" encoding="UTF-8"?>
<!-- Generated by org.testng.reporters.JUnitXMLReporter -->
<testsuite hostname="HemaChavan-PC" ignored="0" name="Sanity Test" tests="3" failures="0" timestamp="12 Jun 2019 16:02:39 GMT" time="0.063" errors="0">
  <testcase name="test3" time="0.0" classname="basicAnnotations.TestNGClass3"/>
  <testcase name="est2" time="0.016" classname="basicAnnotations.TestNGClass2"/>
  <testcase name="test1" time="0.0" classname="basicAnnotations.TestNGClass2"/>
</testsuite> <!-- Sanity Test -->
