<?xml version="1.0" encoding="UTF-8"?>
<testng-results skipped="0" failed="0" ignored="0" total="1" passed="1">
  <reporter-output>
  </reporter-output>
  <suite name="Default suite" duration-ms="94689" started-at="2019-06-19T14:30:15Z" finished-at="2019-06-19T14:31:49Z">
    <groups>
    </groups>
    <test name="Default test" duration-ms="94689" started-at="2019-06-19T14:30:15Z" finished-at="2019-06-19T14:31:49Z">
      <class name="BasicSelenium.seleniumclass3">
        <test-method status="PASS" signature="login()[pri:0, instance:BasicSelenium.seleniumclass3@1753acfe]" name="login" duration-ms="94648" started-at="2019-06-19T14:30:15Z" finished-at="2019-06-19T14:31:49Z">
          <reporter-output>
          </reporter-output>
        </test-method> <!-- login -->
      </class> <!-- BasicSelenium.seleniumclass3 -->
    </test> <!-- Default test -->
  </suite> <!-- Default suite -->
</testng-results>
